<testsuite failures="0" name="src/test/java/features/postapi_random.feature" skipped="0" tests="1" time="0.754076">
  <testcase classname="src.test.java.features.postapi_random" name="Create user with given data" time="0.754076">
    <system-out>* url 'https://gorest.co.in' .............................................. passed
* def random_string = ..................................................... passed
* def email = random_string(10)+'@gmail.com' .............................. passed
* print email ............................................................. passed
* def body = .............................................................. passed
* body.email = email ...................................................... passed
* print body .............................................................. passed
Given path '/public/v1/users' ............................................. passed
And request body .......................................................... passed
And header Authorization = 'Bearer ' + tokenID ............................ passed
When method post .......................................................... passed
Then status 201 ........................................................... passed
And match $.data.id == "#present" ......................................... passed
And match $.data.email == body.email ...................................... passed</system-out>
  </testcase>
</testsuite>
