<testsuite failures="0" name="src/test/java/features/Auth.feature" skipped="0" tests="1" time="0.924116">
  <testcase classname="src.test.java.features.Auth" name="GET user details" time="0.924116">
    <system-out>* print tokenID ........................................................... passed
Given header Authorization = 'Bearer ' + tokenID .......................... passed
And header connection = 'keep-alive' ...................................... passed
When url baseUrl+'/public/v1/users' ....................................... passed
And path '30' ............................................................. passed
When method GET ........................................................... passed
Then status 200 ........................................................... passed</system-out>
  </testcase>
</testsuite>
