<testsuite failures="0" name="src/test/java/features/headers.feature" skipped="0" tests="3" time="1.413628">
  <testcase classname="src.test.java.features.headers" name="GET user details" time="0.734141">
    <system-out>Given header Authorization = 'Bearer 6d3c1e07c99bc7aca4c3916ed5a148aa2174c5fcfe14e8e85069db2a24fcb0d4' . passed
And header connection = 'keep-alive' ...................................... passed
When url baseUrl+'/public/v1/users' ....................................... passed
And path '30' ............................................................. passed
When method GET ........................................................... passed
Then status 200 ........................................................... passed</system-out>
  </testcase>
  <testcase classname="src.test.java.features.headers" name="GET user details" time="0.31959">
    <system-out>Given header Authorization = 'Bearer 6d3c1e07c99bc7aca4c3916ed5a148aa2174c5fcfe14e8e85069db2a24fcb0d4' . passed
And header connection = 'keep-alive' ...................................... passed
When url baseUrl+'/public/v1/users' ....................................... passed
And path '30' ............................................................. passed
When method GET ........................................................... passed
Then status 200 ........................................................... passed
* def req_headers = {Authorization: 'Bearer 6d3c1e07c99bc7aca4c3916ed5a148aa2174c5fcfe14e8e85069db2a24fcb0d4', connection: 'keep-alive' } . passed
Given headers req_headers ................................................. passed
When url baseUrl+'/public/v1/users' ....................................... passed
And path '30' ............................................................. passed
When method GET ........................................................... passed
Then status 200 ........................................................... passed</system-out>
  </testcase>
  <testcase classname="src.test.java.features.headers" name="GET user details" time="0.359897">
    <system-out>Given header Authorization = 'Bearer 6d3c1e07c99bc7aca4c3916ed5a148aa2174c5fcfe14e8e85069db2a24fcb0d4' . passed
And header connection = 'keep-alive' ...................................... passed
When url baseUrl+'/public/v1/users' ....................................... passed
And path '30' ............................................................. passed
When method GET ........................................................... passed
Then status 200 ........................................................... passed
* def req_headers = {Authorization: 'Bearer 6d3c1e07c99bc7aca4c3916ed5a148aa2174c5fcfe14e8e85069db2a24fcb0d4', connection: 'keep-alive' } . passed
Given headers req_headers ................................................. passed
When url baseUrl+'/public/v1/users' ....................................... passed
And path '30' ............................................................. passed
When method GET ........................................................... passed
Then status 200 ........................................................... passed
* configure headers = {Authorization: 'Bearer 6d3c1e07c99bc7aca4c3916ed5a148aa2174c5fcfe14e8e85069db2a24fcb0d4', connection: 'keep-alive' } . passed
When url baseUrl+'/public/v1/users' ....................................... passed
And path '30' ............................................................. passed
When method GET ........................................................... passed
Then status 200 ........................................................... passed</system-out>
  </testcase>
</testsuite>
