<testsuite failures="0" name="src/test/java/features/sample.feature" skipped="0" tests="2" time="0.076648">
  <testcase classname="src.test.java.features.sample" name="JSON reader parser" time="0.058931">
    <system-out>* def jsonObject = ........................................................ passed
* print jsonObject ........................................................ passed
* print jsonObject[0] ..................................................... passed
* print jsonObject[0].name + " " + jsonObject[0].city + " " + jsonObject[0].age . passed</system-out>
  </testcase>
  <testcase classname="src.test.java.features.sample" name="Complex JSON reader" time="0.017717">
    <system-out>* def jsonObject = ........................................................ passed
* print jsonObject ........................................................ passed
* print jsonObject[0] ..................................................... passed
* print jsonObject[0].name + " " + jsonObject[0].city + " " + jsonObject[0].age . passed
* def jsonObject = ........................................................ passed
* print jsonObject ........................................................ passed
* print jsonObject.menu ................................................... passed
* print jsonObject.menu.id ................................................ passed
* print jsonObject.menu.popup ............................................. passed
* print jsonObject.menu.popup.menuitem .................................... passed
* print jsonObject.menu.popup.menuitem[0] ................................. passed
* print jsonObject.menu.popup.menuitem[0].onclick; ........................ passed</system-out>
  </testcase>
</testsuite>
