<testsuite failures="0" name="src/test/java/features/putapi.feature" skipped="0" tests="1" time="1.113101">
  <testcase classname="src.test.java.features.putapi" name="Create user with given data" time="1.113101">
    <system-out>* url 'https://gorest.co.in' .............................................. passed
* def body = .............................................................. passed
Given path '/public/v1/users/2613' ........................................ passed
And request body .......................................................... passed
And header Authorization = 'Bearer ' + tokenID ............................ passed
When method put ........................................................... passed
Then status 200 ........................................................... passed
And match $.data.id == "#present" ......................................... passed
And match $.data.name == "#present" ....................................... passed
And match $.data.name == "Sriram K" ....................................... passed
And match $.data.email == "test94@gmail.com" .............................. passed</system-out>
  </testcase>
</testsuite>
