<testsuite failures="0" name="src/test/java/features/delete.feature" skipped="0" tests="1" time="1.818303">
  <testcase classname="src.test.java.features.delete" name="Delete user with given id" time="1.818303">
    <system-out>* url 'https://gorest.co.in' .............................................. passed
* def random_string = ..................................................... passed
* def email = random_string(10)+'@gmail.com' .............................. passed
* print email ............................................................. passed
* def body = .............................................................. passed
* body.email = email ...................................................... passed
* print body .............................................................. passed
Given path '/public/v1/users' ............................................. passed
And request body .......................................................... passed
And header Authorization = 'Bearer ' + tokenID ............................ passed
When method post .......................................................... passed
Then status 201 ........................................................... passed
And match $.data.id == "#present" ......................................... passed
* def userId = $.data.id .................................................. passed
Given path '/public/v1/users/' + userId ................................... passed
And header Authorization = 'Bearer ' + tokenID ............................ passed
When method delete ........................................................ passed
Then status 204 ........................................................... passed
Given path '/public/v1/users/' + userId ................................... passed
And header Authorization = 'Bearer ' + tokenID ............................ passed
When method get ........................................................... passed
Then status 404 ........................................................... passed
And match $.data.message == "Resource not found" .......................... passed</system-out>
  </testcase>
</testsuite>
